#
# There is insufficient memory for the Java Runtime Environment to continue.
# Native memory allocation (mmap) failed to map 65536 bytes. Error detail: Failed to commit metaspace.
# Possible reasons:
#   The system is out of physical RAM or swap space
#   This process is running with CompressedOops enabled, and the Java Heap may be blocking the growth of the native heap
# Possible solutions:
#   Reduce memory load on the system
#   Increase physical memory or swap space
#   Check if swap backing store is full
#   Decrease Java heap size (-Xmx/-Xms)
#   Decrease number of Java threads
#   Decrease Java thread stack sizes (-Xss)
#   Set larger code cache with -XX:ReservedCodeCacheSize=
#   JVM is running with Zero Based Compressed Oops mode in which the Java heap is
#     placed in the first 32GB address space. The Java Heap base address is the
#     maximum limit for the native heap growth. Please use -XX:HeapBaseMinAddress
#     to set the Java Heap base and to place the Java Heap above 32GB virtual address.
# This output file may be truncated or incomplete.
#
#  Out of Memory Error (virtualSpaceNode.cpp:113), pid=7208, tid=25284
#
# JRE version: OpenJDK Runtime Environment (23.0.2+7) (build 23.0.2+7-58)
# Java VM: OpenJDK 64-Bit Server VM (23.0.2+7-58, mixed mode, sharing, tiered, compressed oops, compressed class ptrs, g1 gc, windows-amd64)
# No core dump will be written. Minidumps are not enabled by default on client versions of Windows
#

---------------  S U M M A R Y ------------

Command Line: -javaagent:D:\IntelliJ\IntelliJ IDEA 2024.3.3\lib\idea_rt.jar=52668:D:\IntelliJ\IntelliJ IDEA 2024.3.3\bin -Dfile.encoding=UTF-8 -Dsun.stdout.encoding=UTF-8 -Dsun.stderr.encoding=UTF-8 generic.Main

Host: AMD Ryzen 7 9700X 8-Core Processor             , 16 cores, 31G,  Windows 11 , 64 bit Build 26100 (10.0.26100.3775)
Time: Fri May  2 18:35:08 2025 Central Daylight Time elapsed time: 0.311293 seconds (0d 0h 0m 0s)

---------------  T H R E A D  ---------------

Current thread (0x000001dd11f06a10):  JavaThread "main"             [_thread_in_vm, id=25284, stack(0x000000bdf3300000,0x000000bdf3400000) (1024K)]

Stack: [0x000000bdf3300000,0x000000bdf3400000]
Native frames: (J=compiled Java code, j=interpreted, Vv=VM code, C=native code)
V  [jvm.dll+0x6e0b99]  (no source info available)
V  [jvm.dll+0x87e2b3]  (no source info available)
V  [jvm.dll+0x88073e]  (no source info available)
V  [jvm.dll+0x880e13]  (no source info available)
V  [jvm.dll+0x27b006]  (no source info available)
V  [jvm.dll+0x879ebe]  (no source info available)
V  [jvm.dll+0x6822f5]  (no source info available)
V  [jvm.dll+0x68235a]  (no source info available)
V  [jvm.dll+0x684b9a]  (no source info available)
V  [jvm.dll+0x221aec]  (no source info available)
V  [jvm.dll+0x682d0e]  (no source info available)
V  [jvm.dll+0x265651]  (no source info available)
V  [jvm.dll+0x21219f]  (no source info available)
V  [jvm.dll+0x21255a]  (no source info available)
V  [jvm.dll+0x212f81]  (no source info available)
V  [jvm.dll+0x20822e]  (no source info available)
V  [jvm.dll+0x5be93f]  (no source info available)
V  [jvm.dll+0x219c3b]  (no source info available)
V  [jvm.dll+0x7f3670]  (no source info available)
V  [jvm.dll+0x7f4716]  (no source info available)
V  [jvm.dll+0x7f4d24]  (no source info available)
V  [jvm.dll+0x7f49a8]  (no source info available)
V  [jvm.dll+0x268acb]  (no source info available)
V  [jvm.dll+0x3d202e]  (no source info available)
C  0x000001dd21aab921  (no source info available)

The last pc belongs to new (printed below).
Java frames: (J=compiled Java code, j=interpreted, Vv=VM code)
j  java.awt.image.PackedColorModel.createCompatibleSampleModel(II)Ljava/awt/image/SampleModel;+0 java.desktop@23.0.2
j  javax.imageio.ImageTypeSpecifier$Packed.<init>(Ljava/awt/color/ColorSpace;IIIIIZ)V+165 java.desktop@23.0.2
j  javax.imageio.ImageTypeSpecifier.createPacked(Ljava/awt/color/ColorSpace;IIIIIZ)Ljavax/imageio/ImageTypeSpecifier;+14 java.desktop@23.0.2
j  javax.imageio.ImageTypeSpecifier.createSpecifier(I)Ljavax/imageio/ImageTypeSpecifier;+99 java.desktop@23.0.2
j  javax.imageio.ImageTypeSpecifier.getSpecifier(I)Ljavax/imageio/ImageTypeSpecifier;+13 java.desktop@23.0.2
j  javax.imageio.ImageTypeSpecifier.createFromBufferedImageType(I)Ljavax/imageio/ImageTypeSpecifier;+12 java.desktop@23.0.2
j  com.sun.imageio.plugins.png.PNGImageReader.getImageTypes(I)Ljava/util/Iterator;+692 java.desktop@23.0.2
j  com.sun.imageio.plugins.png.PNGImageReader.readImage(Ljavax/imageio/ImageReadParam;)V+250 java.desktop@23.0.2
j  com.sun.imageio.plugins.png.PNGImageReader.read(ILjavax/imageio/ImageReadParam;)Ljava/awt/image/BufferedImage;+17 java.desktop@23.0.2
j  javax.imageio.ImageIO.read(Ljavax/imageio/stream/ImageInputStream;)Ljava/awt/image/BufferedImage;+59 java.desktop@23.0.2
j  javax.imageio.ImageIO.read(Ljava/net/URL;)Ljava/awt/image/BufferedImage;+63 java.desktop@23.0.2
j  basicgraphics.images.Picture.<init>(Ljava/lang/String;)V+92
j  menuWorld.BouncingSprite.<init>(Lbasicgraphics/Scene;Lbasicgraphics/SpriteComponent;)V+12
j  menuWorld.Menu.initializeMenu()V+66
j  menuWorld.Menu.<init>(Lbasicgraphics/BasicFrame;Lgeneric/GameManager;)V+155
j  generic.GameManager.<init>(Lbasicgraphics/BasicFrame;)V+16
j  generic.Main.main([Ljava/lang/String;)V+15
v  ~StubRoutines::call_stub 0x000001dd21a90fcd
Lock stack of current Java thread (top to bottom):

new  187 new  [0x000001dd21aab780, 0x000001dd21aab990]  528 bytes
[MachCode]
  0x000001dd21aab780: 4883 ec08 | c5fa 1104 | 24eb 1f48 | 83ec 10c5 | fb11 0424 | eb14 4883 | ec10 4889 | 0424 48c7 
  0x000001dd21aab7a0: 4424 0800 | 0000 00eb | 0150 410f | b755 010f | cac1 ea10 | 488b 4de8 | 488b 4908 | 488b 4908 
  0x000001dd21aab7c0: 488b 4108 | 807c 1004 | 070f 85e0 | 0000 0066 | 8b54 d148 | 488b 4928 | 488b 4cd1 | 0851 80b9 
  0x000001dd21aab7e0: 3101 0000 | 040f 840d | 0000 004c | 3bb9 3801 | 0000 0f85 | b600 0000 | 8b51 08f6 | c201 0f85 
  0x000001dd21aab800: aa00 0000 | 498b 87b8 | 0100 0048 | 8d1c 1049 | 3b9f c801 | 0000 0f87 | 9200 0000 | 4989 9fb8 
  0x000001dd21aab820: 0100 0048 | 83ea 100f | 840f 0000 | 0033 c9c1 | ea03 4889 | 4cd0 0848 | ffca 75f6 | 48c7 0001 
  0x000001dd21aab840: 0000 0059 | 33f6 8970 | 0c49 ba00 | 0000 37dd | 0100 0049 | 2bca 8948 | 0849 ba42 | bd48 4efd 
  0x000001dd21aab860: 7f00 0041 | 803a 000f | 843c 0000 | 0050 488b | c848 83ec | 2040 f6c4 | 0f0f 8419 | 0000 0048 
  0x000001dd21aab880: 83ec 0848 | b830 f1f8 | 4dfd 7f00 | 00ff d048 | 83c4 08e9 | 0c00 0000 | 48b8 30f1 | f84d fd7f 
  0x000001dd21aab8a0: 0000 ffd0 | 4883 c420 | 58e9 cb00 | 0000 5948 | 8b55 e848 | 8b52 0848 | 8b52 0845 | 0fb7 4501 
  0x000001dd21aab8c0: 410f c841 | c1e8 10e8 | 0500 0000 | e9a8 0000 | 0048 8d44 | 2408 4c89 | 6dc0 498b | cfc5 f877 
  0x000001dd21aab8e0: 4989 afb0 | 0300 0049 | 8987 a003 | 0000 4883 | ec20 40f6 | c40f 0f84 | 1900 0000 | 4883 ec08 
  0x000001dd21aab900: 48b8 e01f | c14d fd7f | 0000 ffd0 | 4883 c408 | e90c 0000 | 0048 b8e0 | 1fc1 4dfd | 7f00 00ff 
  0x000001dd21aab920: d048 83c4 | 2049 c787 | a003 0000 | 0000 0000 | 49c7 87b0 | 0300 0000 | 0000 0049 | c787 a803 
  0x000001dd21aab940: 0000 0000 | 0000 c5f8 | 7749 837f | 0800 0f84 | 0500 0000 | e967 55fe | ff49 8b87 | f803 0000 
  0x000001dd21aab960: 49c7 87f8 | 0300 0000 | 0000 004c | 8b6d c04c | 8b75 c84e | 8d74 f500 | c341 0fb6 | 5d03 4983 
  0x000001dd21aab980: c503 49ba | d085 4c4e | fd7f 0000 | 41ff 24da 
[/MachCode]

---------------  P R O C E S S  ---------------

Threads class SMR info:
_java_thread_list=0x000001dd0cca2430, length=30, elements={
0x000001dd11f06a10, 0x000001dd7c00a2c0, 0x000001dd7c00af20, 0x000001dd7c012870,
0x000001dd7c013620, 0x000001dd7c016120, 0x000001dd7c017990, 0x000001dd7c028f10,
0x000001dd7c02f2f0, 0x000001dd7c1c4810, 0x000001dd7c1c8e70, 0x000001dd7c1cb710,
0x000001dd7c1d55c0, 0x000001dd7c22e570, 0x000001dd7c27d600, 0x000001dd7c36d760,
0x000001dd7c4e14a0, 0x000001dd7c4e7a20, 0x000001dd7c501a70, 0x000001dd0c543570,
0x000001dd0c54dc70, 0x000001dd0c5346f0, 0x000001dd0c773140, 0x000001dd0cf64140,
0x000001dd0c831e50, 0x000001dd0cca3750, 0x000001dd0cab1950, 0x000001dd0cab2d00,
0x000001dd0cab3390, 0x000001dd0cab3a20
}

Java Threads: ( => current thread )
=>0x000001dd11f06a10 JavaThread "main"                              [_thread_in_vm, id=25284, stack(0x000000bdf3300000,0x000000bdf3400000) (1024K)]
  0x000001dd7c00a2c0 JavaThread "Reference Handler"          daemon [_thread_blocked, id=13012, stack(0x000000bdf3b00000,0x000000bdf3c00000) (1024K)]
  0x000001dd7c00af20 JavaThread "Finalizer"                  daemon [_thread_blocked, id=2388, stack(0x000000bdf3c00000,0x000000bdf3d00000) (1024K)]
  0x000001dd7c012870 JavaThread "Signal Dispatcher"          daemon [_thread_blocked, id=2656, stack(0x000000bdf3d00000,0x000000bdf3e00000) (1024K)]
  0x000001dd7c013620 JavaThread "Attach Listener"            daemon [_thread_blocked, id=37816, stack(0x000000bdf3e00000,0x000000bdf3f00000) (1024K)]
  0x000001dd7c016120 JavaThread "Service Thread"             daemon [_thread_blocked, id=2384, stack(0x000000bdf3f00000,0x000000bdf4000000) (1024K)]
  0x000001dd7c017990 JavaThread "Monitor Deflation Thread"   daemon [_thread_blocked, id=24080, stack(0x000000bdf4000000,0x000000bdf4100000) (1024K)]
  0x000001dd7c028f10 JavaThread "C2 CompilerThread0"         daemon [_thread_blocked, id=31800, stack(0x000000bdf4100000,0x000000bdf4200000) (1024K)]
  0x000001dd7c02f2f0 JavaThread "C1 CompilerThread0"         daemon [_thread_in_vm, id=30376, stack(0x000000bdf4200000,0x000000bdf4300000) (1024K)]
  0x000001dd7c1c4810 JavaThread "Common-Cleaner"             daemon [_thread_blocked, id=18076, stack(0x000000bdf4300000,0x000000bdf4400000) (1024K)]
  0x000001dd7c1c8e70 JavaThread "C1 CompilerThread1"         daemon [_thread_in_vm, id=8820, stack(0x000000bdf4400000,0x000000bdf4500000) (1024K)]
  0x000001dd7c1cb710 JavaThread "C1 CompilerThread2"         daemon [_thread_in_vm, id=28376, stack(0x000000bdf4500000,0x000000bdf4600000) (1024K)]
  0x000001dd7c1d55c0 JavaThread "C2 CompilerThread1"         daemon [_thread_blocked, id=39156, stack(0x000000bdf4600000,0x000000bdf4700000) (1024K)]
  0x000001dd7c22e570 JavaThread "Monitor Ctrl-Break"         daemon [_thread_in_native, id=18900, stack(0x000000bdf4700000,0x000000bdf4800000) (1024K)]
  0x000001dd7c27d600 JavaThread "Notification Thread"        daemon [_thread_blocked, id=6920, stack(0x000000bdf4800000,0x000000bdf4900000) (1024K)]
  0x000001dd7c36d760 JavaThread "C1 CompilerThread3"         daemon [_thread_in_vm, id=21568, stack(0x000000bdf4900000,0x000000bdf4a00000) (1024K)]
  0x000001dd7c4e14a0 JavaThread "Java2D Disposer"            daemon [_thread_blocked, id=32408, stack(0x000000bdf4a00000,0x000000bdf4b00000) (1024K)]
  0x000001dd7c4e7a20 JavaThread "AWT-Shutdown"                      [_thread_blocked, id=6156, stack(0x000000bdf4b00000,0x000000bdf4c00000) (1024K)]
  0x000001dd7c501a70 JavaThread "AWT-Windows"                daemon [_thread_in_native, id=29480, stack(0x000000bdf4c00000,0x000000bdf4d00000) (1024K)]
  0x000001dd0c543570 JavaThread "C2 CompilerThread2"         daemon [_thread_blocked, id=7696, stack(0x000000bdf5c00000,0x000000bdf5d00000) (1024K)]
  0x000001dd0c54dc70 JavaThread "C2 CompilerThread3"         daemon [_thread_blocked, id=7796, stack(0x000000bdf5d00000,0x000000bdf5e00000) (1024K)]
  0x000001dd0c5346f0 JavaThread "C2 CompilerThread4"         daemon [_thread_blocked, id=14132, stack(0x000000bdf5e00000,0x000000bdf5f00000) (1024K)]
  0x000001dd0c773140 JavaThread "RMI TCP Accept-0"           daemon [_thread_in_native, id=8436, stack(0x000000bdf5f00000,0x000000bdf6000000) (1024K)]
  0x000001dd0cf64140 JavaThread "RMI TCP Connection(1)-76.165.247.47" daemon [_thread_in_vm, id=3300, stack(0x000000bdf6200000,0x000000bdf6300000) (1024K)]
  0x000001dd0c831e50 JavaThread "RMI Scheduler(0)"           daemon [_thread_blocked, id=2660, stack(0x000000bdf6300000,0x000000bdf6400000) (1024K)]
  0x000001dd0cca3750 JavaThread "JMX server connection timeout 38" daemon [_thread_blocked, id=22212, stack(0x000000bdf6400000,0x000000bdf6500000) (1024K)]
  0x000001dd0cab1950 JavaThread "Java Sound Event Dispatcher" daemon [_thread_blocked, id=11164, stack(0x000000bdf6500000,0x000000bdf6600000) (1024K)]
  0x000001dd0cab2d00 JavaThread "Timer-0"                           [_thread_in_vm, id=25856, stack(0x000000bdf6900000,0x000000bdf6a00000) (1024K)]
  0x000001dd0cab3390 JavaThread "Thread-1"                          [_thread_in_native, id=6084, stack(0x000000bdf6a00000,0x000000bdf6b00000) (1024K)]
  0x000001dd0cab3a20 JavaThread "AWT-EventQueue-0"                  [_thread_blocked, id=26432, stack(0x000000bdf6b00000,0x000000bdf6c00000) (1024K)]
Total: 30

Other Threads:
  0x000001dd3603e030 VMThread "VM Thread"                           [id=8832, stack(0x000000bdf3a00000,0x000000bdf3b00000) (1024K)]
  0x000001dd36027b60 WatcherThread "VM Periodic Task Thread"        [id=33868, stack(0x000000bdf3900000,0x000000bdf3a00000) (1024K)]
  0x000001dd11fadb30 WorkerThread "GC Thread#0"                     [id=13864, stack(0x000000bdf3400000,0x000000bdf3500000) (1024K)]
  0x000001dd11fc31e0 ConcurrentGCThread "G1 Main Marker"            [id=6732, stack(0x000000bdf3500000,0x000000bdf3600000) (1024K)]
  0x000001dd11fc5100 WorkerThread "G1 Conc#0"                       [id=33540, stack(0x000000bdf3600000,0x000000bdf3700000) (1024K)]
  0x000001dd35ef9980 ConcurrentGCThread "G1 Refine#0"               [id=36672, stack(0x000000bdf3700000,0x000000bdf3800000) (1024K)]
  0x000001dd35efa500 ConcurrentGCThread "G1 Service"                [id=20436, stack(0x000000bdf3800000,0x000000bdf3900000) (1024K)]
Total: 7

Threads with active compile tasks:
C1 CompilerThread0  345 1553       3       java.nio.ByteBuffer::arrayOffset (35 bytes)
C1 CompilerThread1  345 1555       3       java.nio.Buffer::limit (65 bytes)
C1 CompilerThread2  345 1554       3       jdk.internal.misc.VM::isBooted (13 bytes)
C1 CompilerThread3  345 1552       3       java.nio.ByteBuffer::position (8 bytes)
Total: 4

VM state: not at safepoint (normal execution)

VM Mutex/Monitor currently owned by a thread:  ([mutex/lock_event])
[0x00007ffd4e4b2888] Metaspace_lock - owner thread: 0x000001dd11f06a10

Heap address: 0x000000060e000000, size: 7968 MB, Compressed Oops mode: Zero based, Oop shift amount: 3

CDS archive(s) mapped at: [0x000001dd37000000-0x000001dd37d70000-0x000001dd37d70000), size 14090240, SharedBaseAddress: 0x000001dd37000000, ArchiveRelocationMode: 1.
Compressed class space mapped at: 0x000001dd38000000-0x000001dd78000000, reserved size: 1073741824
Narrow klass base: 0x000001dd37000000, Narrow klass shift: 0, Narrow klass range: 0x41000000

GC Precious Log:
 CardTable entry size: 512
 Card Set container configuration: InlinePtr #cards 4 size 8 Array Of Cards #cards 32 size 80 Howl #buckets 8 coarsen threshold 7372 Howl Bitmap #cards 1024 size 144 coarsen threshold 921 Card regions per heap region 1 cards per card region 8192
 CPUs: 16 total, 16 available
 Memory: 31860M
 Large Page Support: Disabled
 NUMA Support: Disabled
 Compressed Oops: Enabled (Zero based)
 Heap Region Size: 4M
 Heap Min Capacity: 8M
 Heap Initial Capacity: 500M
 Heap Max Capacity: 7968M
 Pre-touch: Disabled
 Parallel Workers: 13
 Concurrent Workers: 3
 Concurrent Refinement Workers: 13
 Periodic GC: Disabled

Heap:
 garbage-first heap   total reserved 8159232K, committed 512000K, used 118784K [0x000000060e000000, 0x0000000800000000)
  region size 4096K, 6 young (24576K), 0 survivors (0K)
 Metaspace       used 11593K, committed 11840K, reserved 1114112K
  class space    used 1338K, committed 1472K, reserved 1048576K

Heap Regions: E=young(eden), S=young(survivor), O=old, HS=humongous(starts), HC=humongous(continues), CS=collection set, F=free, TAMS=top-at-mark-start, PB=parsable bottom
|   0|0x000000060e000000, 0x000000060e400000, 0x000000060e400000|100%|HS|  |TAMS 0x000000060e000000| PB 0x000000060e000000| Complete |  0
|   1|0x000000060e400000, 0x000000060e800000, 0x000000060e800000|100%|HS|  |TAMS 0x000000060e400000| PB 0x000000060e400000| Complete |  0
|   2|0x000000060e800000, 0x000000060ec00000, 0x000000060ec00000|100%|HC|  |TAMS 0x000000060e800000| PB 0x000000060e800000| Complete |  0
|   3|0x000000060ec00000, 0x000000060f000000, 0x000000060f000000|100%|HS|  |TAMS 0x000000060ec00000| PB 0x000000060ec00000| Complete |  0
|   4|0x000000060f000000, 0x000000060f400000, 0x000000060f400000|100%|HC|  |TAMS 0x000000060f000000| PB 0x000000060f000000| Complete |  0
|   5|0x000000060f400000, 0x000000060f800000, 0x000000060f800000|100%|HC|  |TAMS 0x000000060f400000| PB 0x000000060f400000| Complete |  0
|   6|0x000000060f800000, 0x000000060fc00000, 0x000000060fc00000|100%|HS|  |TAMS 0x000000060f800000| PB 0x000000060f800000| Complete |  0
|   7|0x000000060fc00000, 0x0000000610000000, 0x0000000610000000|100%|HC|  |TAMS 0x000000060fc00000| PB 0x000000060fc00000| Complete |  0
|   8|0x0000000610000000, 0x0000000610400000, 0x0000000610400000|100%|HC|  |TAMS 0x0000000610000000| PB 0x0000000610000000| Complete |  0
|   9|0x0000000610400000, 0x0000000610800000, 0x0000000610800000|100%|HC|  |TAMS 0x0000000610400000| PB 0x0000000610400000| Complete |  0
|  10|0x0000000610800000, 0x0000000610c00000, 0x0000000610c00000|100%|HC|  |TAMS 0x0000000610800000| PB 0x0000000610800000| Complete |  0
|  11|0x0000000610c00000, 0x0000000611000000, 0x0000000611000000|100%|HS|  |TAMS 0x0000000610c00000| PB 0x0000000610c00000| Complete |  0
|  12|0x0000000611000000, 0x0000000611400000, 0x0000000611400000|100%|HC|  |TAMS 0x0000000611000000| PB 0x0000000611000000| Complete |  0
|  13|0x0000000611400000, 0x0000000611800000, 0x0000000611800000|100%|HC|  |TAMS 0x0000000611400000| PB 0x0000000611400000| Complete |  0
|  14|0x0000000611800000, 0x0000000611c00000, 0x0000000611c00000|100%|HC|  |TAMS 0x0000000611800000| PB 0x0000000611800000| Complete |  0
|  15|0x0000000611c00000, 0x0000000612000000, 0x0000000612000000|100%|HC|  |TAMS 0x0000000611c00000| PB 0x0000000611c00000| Complete |  0
|  16|0x0000000612000000, 0x0000000612400000, 0x0000000612400000|100%|HC|  |TAMS 0x0000000612000000| PB 0x0000000612000000| Complete |  0
|  17|0x0000000612400000, 0x0000000612800000, 0x0000000612800000|100%|HC|  |TAMS 0x0000000612400000| PB 0x0000000612400000| Complete |  0
|  18|0x0000000612800000, 0x0000000612c00000, 0x0000000612c00000|100%|HC|  |TAMS 0x0000000612800000| PB 0x0000000612800000| Complete |  0
|  19|0x0000000612c00000, 0x0000000613000000, 0x0000000613000000|100%|HC|  |TAMS 0x0000000612c00000| PB 0x0000000612c00000| Complete |  0
|  20|0x0000000613000000, 0x0000000613400000, 0x0000000613400000|100%|HS|  |TAMS 0x0000000613000000| PB 0x0000000613000000| Complete |  0
|  21|0x0000000613400000, 0x0000000613800000, 0x0000000613800000|100%|HC|  |TAMS 0x0000000613400000| PB 0x0000000613400000| Complete |  0
|  22|0x0000000613800000, 0x0000000613c00000, 0x0000000613c00000|100%|HC|  |TAMS 0x0000000613800000| PB 0x0000000613800000| Complete |  0
|  23|0x0000000613c00000, 0x0000000614000000, 0x0000000614000000|100%|HC|  |TAMS 0x0000000613c00000| PB 0x0000000613c00000| Complete |  0
|  24|0x0000000614000000, 0x0000000614400000, 0x0000000614400000|100%|HC|  |TAMS 0x0000000614000000| PB 0x0000000614000000| Complete |  0
|  25|0x0000000614400000, 0x0000000614400000, 0x0000000614800000|  0%| F|  |TAMS 0x0000000614400000| PB 0x0000000614400000| Untracked |  0
|  26|0x0000000614800000, 0x0000000614800000, 0x0000000614c00000|  0%| F|  |TAMS 0x0000000614800000| PB 0x0000000614800000| Untracked |  0
|  27|0x0000000614c00000, 0x0000000614c00000, 0x0000000615000000|  0%| F|  |TAMS 0x0000000614c00000| PB 0x0000000614c00000| Untracked |  0
|  28|0x0000000615000000, 0x0000000615000000, 0x0000000615400000|  0%| F|  |TAMS 0x0000000615000000| PB 0x0000000615000000| Untracked |  0
|  29|0x0000000615400000, 0x0000000615400000, 0x0000000615800000|  0%| F|  |TAMS 0x0000000615400000| PB 0x0000000615400000| Untracked |  0
|  30|0x0000000615800000, 0x0000000615800000, 0x0000000615c00000|  0%| F|  |TAMS 0x0000000615800000| PB 0x0000000615800000| Untracked |  0
|  31|0x0000000615c00000, 0x0000000615c00000, 0x0000000616000000|  0%| F|  |TAMS 0x0000000615c00000| PB 0x0000000615c00000| Untracked |  0
|  32|0x0000000616000000, 0x0000000616000000, 0x0000000616400000|  0%| F|  |TAMS 0x0000000616000000| PB 0x0000000616000000| Untracked |  0
|  33|0x0000000616400000, 0x0000000616400000, 0x0000000616800000|  0%| F|  |TAMS 0x0000000616400000| PB 0x0000000616400000| Untracked |  0
|  34|0x0000000616800000, 0x0000000616800000, 0x0000000616c00000|  0%| F|  |TAMS 0x0000000616800000| PB 0x0000000616800000| Untracked |  0
|  35|0x0000000616c00000, 0x0000000616c00000, 0x0000000617000000|  0%| F|  |TAMS 0x0000000616c00000| PB 0x0000000616c00000| Untracked |  0
|  36|0x0000000617000000, 0x0000000617000000, 0x0000000617400000|  0%| F|  |TAMS 0x0000000617000000| PB 0x0000000617000000| Untracked |  0
|  37|0x0000000617400000, 0x0000000617400000, 0x0000000617800000|  0%| F|  |TAMS 0x0000000617400000| PB 0x0000000617400000| Untracked |  0
|  38|0x0000000617800000, 0x0000000617800000, 0x0000000617c00000|  0%| F|  |TAMS 0x0000000617800000| PB 0x0000000617800000| Untracked |  0
|  39|0x0000000617c00000, 0x0000000617c00000, 0x0000000618000000|  0%| F|  |TAMS 0x0000000617c00000| PB 0x0000000617c00000| Untracked |  0
|  40|0x0000000618000000, 0x0000000618000000, 0x0000000618400000|  0%| F|  |TAMS 0x0000000618000000| PB 0x0000000618000000| Untracked |  0
|  41|0x0000000618400000, 0x0000000618400000, 0x0000000618800000|  0%| F|  |TAMS 0x0000000618400000| PB 0x0000000618400000| Untracked |  0
|  42|0x0000000618800000, 0x0000000618800000, 0x0000000618c00000|  0%| F|  |TAMS 0x0000000618800000| PB 0x0000000618800000| Untracked |  0
|  43|0x0000000618c00000, 0x0000000618c00000, 0x0000000619000000|  0%| F|  |TAMS 0x0000000618c00000| PB 0x0000000618c00000| Untracked |  0
|  44|0x0000000619000000, 0x0000000619000000, 0x0000000619400000|  0%| F|  |TAMS 0x0000000619000000| PB 0x0000000619000000| Untracked |  0
|  45|0x0000000619400000, 0x0000000619400000, 0x0000000619800000|  0%| F|  |TAMS 0x0000000619400000| PB 0x0000000619400000| Untracked |  0
|  46|0x0000000619800000, 0x0000000619800000, 0x0000000619c00000|  0%| F|  |TAMS 0x0000000619800000| PB 0x0000000619800000| Untracked |  0
|  47|0x0000000619c00000, 0x0000000619c00000, 0x000000061a000000|  0%| F|  |TAMS 0x0000000619c00000| PB 0x0000000619c00000| Untracked |  0
|  48|0x000000061a000000, 0x000000061a000000, 0x000000061a400000|  0%| F|  |TAMS 0x000000061a000000| PB 0x000000061a000000| Untracked |  0
|  49|0x000000061a400000, 0x000000061a400000, 0x000000061a800000|  0%| F|  |TAMS 0x000000061a400000| PB 0x000000061a400000| Untracked |  0
|  50|0x000000061a800000, 0x000000061a800000, 0x000000061ac00000|  0%| F|  |TAMS 0x000000061a800000| PB 0x000000061a800000| Untracked |  0
|  51|0x000000061ac00000, 0x000000061ac00000, 0x000000061b000000|  0%| F|  |TAMS 0x000000061ac00000| PB 0x000000061ac00000| Untracked |  0
|  52|0x000000061b000000, 0x000000061b000000, 0x000000061b400000|  0%| F|  |TAMS 0x000000061b000000| PB 0x000000061b000000| Untracked |  0
|  53|0x000000061b400000, 0x000000061b400000, 0x000000061b800000|  0%| F|  |TAMS 0x000000061b400000| PB 0x000000061b400000| Untracked |  0
|  54|0x000000061b800000, 0x000000061b800000, 0x000000061bc00000|  0%| F|  |TAMS 0x000000061b800000| PB 0x000000061b800000| Untracked |  0
|  55|0x000000061bc00000, 0x000000061bc00000, 0x000000061c000000|  0%| F|  |TAMS 0x000000061bc00000| PB 0x000000061bc00000| Untracked |  0
|  56|0x000000061c000000, 0x000000061c000000, 0x000000061c400000|  0%| F|  |TAMS 0x000000061c000000| PB 0x000000061c000000| Untracked |  0
|  57|0x000000061c400000, 0x000000061c400000, 0x000000061c800000|  0%| F|  |TAMS 0x000000061c400000| PB 0x000000061c400000| Untracked |  0
|  58|0x000000061c800000, 0x000000061c800000, 0x000000061cc00000|  0%| F|  |TAMS 0x000000061c800000| PB 0x000000061c800000| Untracked |  0
|  59|0x000000061cc00000, 0x000000061cc00000, 0x000000061d000000|  0%| F|  |TAMS 0x000000061cc00000| PB 0x000000061cc00000| Untracked |  0
|  60|0x000000061d000000, 0x000000061d000000, 0x000000061d400000|  0%| F|  |TAMS 0x000000061d000000| PB 0x000000061d000000| Untracked |  0
|  61|0x000000061d400000, 0x000000061d400000, 0x000000061d800000|  0%| F|  |TAMS 0x000000061d400000| PB 0x000000061d400000| Untracked |  0
|  62|0x000000061d800000, 0x000000061d800000, 0x000000061dc00000|  0%| F|  |TAMS 0x000000061d800000| PB 0x000000061d800000| Untracked |  0
|  63|0x000000061dc00000, 0x000000061dc00000, 0x000000061e000000|  0%| F|  |TAMS 0x000000061dc00000| PB 0x000000061dc00000| Untracked |  0
|  64|0x000000061e000000, 0x000000061e000000, 0x000000061e400000|  0%| F|  |TAMS 0x000000061e000000| PB 0x000000061e000000| Untracked |  0
|  65|0x000000061e400000, 0x000000061e400000, 0x000000061e800000|  0%| F|  |TAMS 0x000000061e400000| PB 0x000000061e400000| Untracked |  0
|  66|0x000000061e800000, 0x000000061e800000, 0x000000061ec00000|  0%| F|  |TAMS 0x000000061e800000| PB 0x000000061e800000| Untracked |  0
|  67|0x000000061ec00000, 0x000000061ec00000, 0x000000061f000000|  0%| F|  |TAMS 0x000000061ec00000| PB 0x000000061ec00000| Untracked |  0
|  68|0x000000061f000000, 0x000000061f000000, 0x000000061f400000|  0%| F|  |TAMS 0x000000061f000000| PB 0x000000061f000000| Untracked |  0
|  69|0x000000061f400000, 0x000000061f400000, 0x000000061f800000|  0%| F|  |TAMS 0x000000061f400000| PB 0x000000061f400000| Untracked |  0
|  70|0x000000061f800000, 0x000000061f800000, 0x000000061fc00000|  0%| F|  |TAMS 0x000000061f800000| PB 0x000000061f800000| Untracked |  0
|  71|0x000000061fc00000, 0x000000061fc00000, 0x0000000620000000|  0%| F|  |TAMS 0x000000061fc00000| PB 0x000000061fc00000| Untracked |  0
|  72|0x0000000620000000, 0x0000000620000000, 0x0000000620400000|  0%| F|  |TAMS 0x0000000620000000| PB 0x0000000620000000| Untracked |  0
|  73|0x0000000620400000, 0x0000000620400000, 0x0000000620800000|  0%| F|  |TAMS 0x0000000620400000| PB 0x0000000620400000| Untracked |  0
|  74|0x0000000620800000, 0x0000000620800000, 0x0000000620c00000|  0%| F|  |TAMS 0x0000000620800000| PB 0x0000000620800000| Untracked |  0
|  75|0x0000000620c00000, 0x0000000620c00000, 0x0000000621000000|  0%| F|  |TAMS 0x0000000620c00000| PB 0x0000000620c00000| Untracked |  0
|  76|0x0000000621000000, 0x0000000621000000, 0x0000000621400000|  0%| F|  |TAMS 0x0000000621000000| PB 0x0000000621000000| Untracked |  0
|  77|0x0000000621400000, 0x0000000621400000, 0x0000000621800000|  0%| F|  |TAMS 0x0000000621400000| PB 0x0000000621400000| Untracked |  0
|  78|0x0000000621800000, 0x0000000621800000, 0x0000000621c00000|  0%| F|  |TAMS 0x0000000621800000| PB 0x0000000621800000| Untracked |  0
|  79|0x0000000621c00000, 0x0000000621c00000, 0x0000000622000000|  0%| F|  |TAMS 0x0000000621c00000| PB 0x0000000621c00000| Untracked |  0
|  80|0x0000000622000000, 0x0000000622000000, 0x0000000622400000|  0%| F|  |TAMS 0x0000000622000000| PB 0x0000000622000000| Untracked |  0
|  81|0x0000000622400000, 0x0000000622400000, 0x0000000622800000|  0%| F|  |TAMS 0x0000000622400000| PB 0x0000000622400000| Untracked |  0
|  82|0x0000000622800000, 0x0000000622800000, 0x0000000622c00000|  0%| F|  |TAMS 0x0000000622800000| PB 0x0000000622800000| Untracked |  0
|  83|0x0000000622c00000, 0x0000000622c00000, 0x0000000623000000|  0%| F|  |TAMS 0x0000000622c00000| PB 0x0000000622c00000| Untracked |  0
|  84|0x0000000623000000, 0x0000000623000000, 0x0000000623400000|  0%| F|  |TAMS 0x0000000623000000| PB 0x0000000623000000| Untracked |  0
|  85|0x0000000623400000, 0x0000000623400000, 0x0000000623800000|  0%| F|  |TAMS 0x0000000623400000| PB 0x0000000623400000| Untracked |  0
|  86|0x0000000623800000, 0x0000000623800000, 0x0000000623c00000|  0%| F|  |TAMS 0x0000000623800000| PB 0x0000000623800000| Untracked |  0
|  87|0x0000000623c00000, 0x0000000623c00000, 0x0000000624000000|  0%| F|  |TAMS 0x0000000623c00000| PB 0x0000000623c00000| Untracked |  0
|  88|0x0000000624000000, 0x0000000624000000, 0x0000000624400000|  0%| F|  |TAMS 0x0000000624000000| PB 0x0000000624000000| Untracked |  0
|  89|0x0000000624400000, 0x0000000624400000, 0x0000000624800000|  0%| F|  |TAMS 0x0000000624400000| PB 0x0000000624400000| Untracked |  0
|  90|0x0000000624800000, 0x0000000624800000, 0x0000000624c00000|  0%| F|  |TAMS 0x0000000624800000| PB 0x0000000624800000| Untracked |  0
|  91|0x0000000624c00000, 0x0000000624c00000, 0x0000000625000000|  0%| F|  |TAMS 0x0000000624c00000| PB 0x0000000624c00000| Untracked |  0
|  92|0x0000000625000000, 0x0000000625000000, 0x0000000625400000|  0%| F|  |TAMS 0x0000000625000000| PB 0x0000000625000000| Untracked |  0
|  93|0x0000000625400000, 0x0000000625400000, 0x0000000625800000|  0%| F|  |TAMS 0x0000000625400000| PB 0x0000000625400000| Untracked |  0
|  94|0x0000000625800000, 0x0000000625800000, 0x0000000625c00000|  0%| F|  |TAMS 0x0000000625800000| PB 0x0000000625800000| Untracked |  0
|  95|0x0000000625c00000, 0x0000000625c00000, 0x0000000626000000|  0%| F|  |TAMS 0x0000000625c00000| PB 0x0000000625c00000| Untracked |  0
|  96|0x0000000626000000, 0x0000000626000000, 0x0000000626400000|  0%| F|  |TAMS 0x0000000626000000| PB 0x0000000626000000| Untracked |  0
|  97|0x0000000626400000, 0x0000000626400000, 0x0000000626800000|  0%| F|  |TAMS 0x0000000626400000| PB 0x0000000626400000| Untracked |  0
|  98|0x0000000626800000, 0x0000000626800000, 0x0000000626c00000|  0%| F|  |TAMS 0x0000000626800000| PB 0x0000000626800000| Untracked |  0
|  99|0x0000000626c00000, 0x0000000626c00000, 0x0000000627000000|  0%| F|  |TAMS 0x0000000626c00000| PB 0x0000000626c00000| Untracked |  0
| 100|0x0000000627000000, 0x0000000627000000, 0x0000000627400000|  0%| F|  |TAMS 0x0000000627000000| PB 0x0000000627000000| Untracked |  0
| 101|0x0000000627400000, 0x0000000627400000, 0x0000000627800000|  0%| F|  |TAMS 0x0000000627400000| PB 0x0000000627400000| Untracked |  0
| 102|0x0000000627800000, 0x0000000627800000, 0x0000000627c00000|  0%| F|  |TAMS 0x0000000627800000| PB 0x0000000627800000| Untracked |  0
| 103|0x0000000627c00000, 0x0000000627c00000, 0x0000000628000000|  0%| F|  |TAMS 0x0000000627c00000| PB 0x0000000627c00000| Untracked |  0
| 104|0x0000000628000000, 0x0000000628000000, 0x0000000628400000|  0%| F|  |TAMS 0x0000000628000000| PB 0x0000000628000000| Untracked |  0
| 105|0x0000000628400000, 0x0000000628400000, 0x0000000628800000|  0%| F|  |TAMS 0x0000000628400000| PB 0x0000000628400000| Untracked |  0
| 106|0x0000000628800000, 0x0000000628800000, 0x0000000628c00000|  0%| F|  |TAMS 0x0000000628800000| PB 0x0000000628800000| Untracked |  0
| 107|0x0000000628c00000, 0x0000000628c00000, 0x0000000629000000|  0%| F|  |TAMS 0x0000000628c00000| PB 0x0000000628c00000| Untracked |  0
| 108|0x0000000629000000, 0x0000000629000000, 0x0000000629400000|  0%| F|  |TAMS 0x0000000629000000| PB 0x0000000629000000| Untracked |  0
| 109|0x0000000629400000, 0x0000000629400000, 0x0000000629800000|  0%| F|  |TAMS 0x0000000629400000| PB 0x0000000629400000| Untracked |  0
| 110|0x0000000629800000, 0x0000000629800000, 0x0000000629c00000|  0%| F|  |TAMS 0x0000000629800000| PB 0x0000000629800000| Untracked |  0
| 111|0x0000000629c00000, 0x0000000629c00000, 0x000000062a000000|  0%| F|  |TAMS 0x0000000629c00000| PB 0x0000000629c00000| Untracked |  0
| 112|0x000000062a000000, 0x000000062a000000, 0x000000062a400000|  0%| F|  |TAMS 0x000000062a000000| PB 0x000000062a000000| Untracked |  0
| 113|0x000000062a400000, 0x000000062a400000, 0x000000062a800000|  0%| F|  |TAMS 0x000000062a400000| PB 0x000000062a400000| Untracked |  0
| 114|0x000000062a800000, 0x000000062a800000, 0x000000062ac00000|  0%| F|  |TAMS 0x000000062a800000| PB 0x000000062a800000| Untracked |  0
| 115|0x000000062ac00000, 0x000000062ac00000, 0x000000062b000000|  0%| F|  |TAMS 0x000000062ac00000| PB 0x000000062ac00000| Untracked |  0
| 116|0x000000062b000000, 0x000000062b000000, 0x000000062b400000|  0%| F|  |TAMS 0x000000062b000000| PB 0x000000062b000000| Untracked |  0
| 117|0x000000062b400000, 0x000000062b400000, 0x000000062b800000|  0%| F|  |TAMS 0x000000062b400000| PB 0x000000062b400000| Untracked |  0
| 118|0x000000062b800000, 0x000000062b800000, 0x000000062bc00000|  0%| F|  |TAMS 0x000000062b800000| PB 0x000000062b800000| Untracked |  0
| 119|0x000000062bc00000, 0x000000062be70ae8, 0x000000062c000000| 61%| E|  |TAMS 0x000000062bc00000| PB 0x000000062bc00000| Complete |  0
| 120|0x000000062c000000, 0x000000062c400000, 0x000000062c400000|100%| E|  |TAMS 0x000000062c000000| PB 0x000000062c000000| Complete |  0
| 121|0x000000062c400000, 0x000000062c800000, 0x000000062c800000|100%| E|CS|TAMS 0x000000062c400000| PB 0x000000062c400000| Complete |  0
| 122|0x000000062c800000, 0x000000062cc00000, 0x000000062cc00000|100%| E|CS|TAMS 0x000000062c800000| PB 0x000000062c800000| Complete |  0
| 123|0x000000062cc00000, 0x000000062d000000, 0x000000062d000000|100%| E|CS|TAMS 0x000000062cc00000| PB 0x000000062cc00000| Complete |  0
| 124|0x000000062d000000, 0x000000062d400000, 0x000000062d400000|100%| E|CS|TAMS 0x000000062d000000| PB 0x000000062d000000| Complete |  0

Card table byte_map: [0x000001dd2af60000,0x000001dd2bef0000] _byte_map_base: 0x000001dd27ef0000

Marking Bits: (CMBitMap*) 0x000001dd11fae240
 Bits: [0x000001dd2bef0000, 0x000001dd33b70000)

Polling page: 0x000001dd0fad0000

Metaspace:

Usage:
  Non-class:     10.01 MB used.
      Class:      1.31 MB used.
       Both:     11.32 MB used.

Virtual space:
  Non-class space:       64.00 MB reserved,      10.12 MB ( 16%) committed,  1 nodes.
      Class space:        1.00 GB reserved,       1.44 MB ( <1%) committed,  1 nodes.
             Both:        1.06 GB reserved,      11.56 MB (  1%) committed. 

Chunk freelists:
   Non-Class:  5.00 MB
       Class:  14.52 MB
        Both:  19.52 MB

MaxMetaspaceSize: unlimited
CompressedClassSpaceSize: 1.00 GB
Initial GC threshold: 21.00 MB
Current GC threshold: 21.00 MB
CDS: on
 - commit_granule_bytes: 65536.
 - commit_granule_words: 8192.
 - virtual_space_node_default_size: 8388608.
 - enlarge_chunks_in_place: 1.
 - use_allocation_guard: 0.


Internal statistics:

num_allocs_failed_limit: 0.
num_arena_births: 306.
num_arena_deaths: 0.
num_vsnodes_births: 2.
num_vsnodes_deaths: 0.
num_space_committed: 185.
num_space_uncommitted: 0.
num_chunks_returned_to_freelist: 0.
num_chunks_taken_from_freelist: 397.
num_chunk_merges: 0.
num_chunk_splits: 242.
num_chunks_enlarged: 111.
num_inconsistent_stats: 0.

CodeHeap 'non-profiled nmethods': size=119232Kb used=449Kb max_used=449Kb free=118782Kb
 bounds [0x000001dd221d0000, 0x000001dd22440000, 0x000001dd29640000]
CodeHeap 'profiled nmethods': size=119104Kb used=2037Kb max_used=2037Kb free=117066Kb
 bounds [0x000001dd1a640000, 0x000001dd1a8b0000, 0x000001dd21a90000]
CodeHeap 'non-nmethods': size=7424Kb used=3376Kb max_used=3376Kb free=4047Kb
 bounds [0x000001dd21a90000, 0x000001dd21df0000, 0x000001dd221d0000]
CodeCache: size=245760Kb, used=5862Kb, max_used=5862Kb, free=239895Kb
 total_blobs=2177, nmethods=1550, adapters=530, full_count=0
Compilation: enabled, stopped_count=0, restarted_count=0

Compilation events (20 events):
Event: 0.300 Thread 0x000001dd7c1c8e70 nmethod 1541 0x000001dd1a837988 code [0x000001dd1a837b60, 0x000001dd1a838380]
Event: 0.300 Thread 0x000001dd7c36d760 nmethod 1542 0x000001dd1a838408 code [0x000001dd1a838580, 0x000001dd1a8389e0]
Event: 0.300 Thread 0x000001dd7c1c8e70 1543       3       java.nio.Buffer::position (52 bytes)
Event: 0.300 Thread 0x000001dd7c1c8e70 nmethod 1543 0x000001dd1a838a88 code [0x000001dd1a838bc0, 0x000001dd1a838e08]
Event: 0.303 Thread 0x000001dd7c02f2f0 1544       3       java.net.URI::match (56 bytes)
Event: 0.303 Thread 0x000001dd7c02f2f0 nmethod 1544 0x000001dd1a838e88 code [0x000001dd1a838fc0, 0x000001dd1a839278]
Event: 0.304 Thread 0x000001dd7c1c8e70 1545       1       javax.sound.sampled.AudioFormat::getFrameSize (5 bytes)
Event: 0.304 Thread 0x000001dd7c1c8e70 nmethod 1545 0x000001dd2223fd88 code [0x000001dd2223fea0, 0x000001dd2223ff68]
Event: 0.305 Thread 0x000001dd7c02f2f0 1546       3       jdk.internal.jimage.ImageLocation::verifyName (161 bytes)
Event: 0.305 Thread 0x000001dd0c54dc70 1547       4       java.lang.ref.SoftReference::get (29 bytes)
Event: 0.305 Thread 0x000001dd0c543570 1548   !   4       java.nio.DirectByteBuffer::get (34 bytes)
Event: 0.305 Thread 0x000001dd7c1cb710 1549       3       jdk.internal.jimage.ImageLocation::verify (218 bytes)
Event: 0.305 Thread 0x000001dd7c1c8e70 1550       3       java.io.WinNTFileSystem::normalize (148 bytes)
Event: 0.305 Thread 0x000001dd7c02f2f0 nmethod 1546 0x000001dd1a839288 code [0x000001dd1a839540, 0x000001dd1a83aa88]
Event: 0.305 Thread 0x000001dd0c54dc70 nmethod 1547 0x000001dd22240088 code [0x000001dd22240180, 0x000001dd222402a8]
Event: 0.305 Thread 0x000001dd7c1cb710 nmethod 1549 0x000001dd1a83ab88 code [0x000001dd1a83adc0, 0x000001dd1a83bab0]
Event: 0.305 Thread 0x000001dd0c543570 nmethod 1548 0x000001dd22240388 code [0x000001dd222404a0, 0x000001dd222405f0]
Event: 0.305 Thread 0x000001dd7c1c8e70 nmethod 1550 0x000001dd1a83bb88 code [0x000001dd1a83bda0, 0x000001dd1a83c848]
Event: 0.307 Thread 0x000001dd7c02f2f0 1551       3       java.lang.invoke.LambdaMetafactory::metafactory (71 bytes)
Event: 0.307 Thread 0x000001dd7c02f2f0 nmethod 1551 0x000001dd1a83c908 code [0x000001dd1a83cb00, 0x000001dd1a83d5e0]

GC Heap History (0 events):
No events

Dll operation events (14 events):
Event: 0.005 Loaded shared library C:\Users\peyto\.jdks\openjdk-23.0.2\bin\java.dll
Event: 0.019 Loaded shared library C:\Users\peyto\.jdks\openjdk-23.0.2\bin\jsvml.dll
Event: 0.035 Loaded shared library C:\Users\peyto\.jdks\openjdk-23.0.2\bin\zip.dll
Event: 0.037 Loaded shared library C:\Users\peyto\.jdks\openjdk-23.0.2\bin\instrument.dll
Event: 0.039 Loaded shared library C:\Users\peyto\.jdks\openjdk-23.0.2\bin\net.dll
Event: 0.040 Loaded shared library C:\Users\peyto\.jdks\openjdk-23.0.2\bin\nio.dll
Event: 0.041 Loaded shared library C:\Users\peyto\.jdks\openjdk-23.0.2\bin\zip.dll
Event: 0.046 Loaded shared library D:\IntelliJ\IntelliJ IDEA 2024.3.3\bin\breakgen64.dll
Event: 0.051 Loaded shared library C:\Users\peyto\.jdks\openjdk-23.0.2\bin\extnet.dll
Event: 0.055 Loaded shared library C:\Users\peyto\.jdks\openjdk-23.0.2\bin\jimage.dll
Event: 0.057 Loaded shared library C:\Users\peyto\.jdks\openjdk-23.0.2\bin\awt.dll
Event: 0.080 Loaded shared library C:\Users\peyto\.jdks\openjdk-23.0.2\bin\management.dll
Event: 0.084 Loaded shared library C:\Users\peyto\.jdks\openjdk-23.0.2\bin\management_ext.dll
Event: 0.230 Loaded shared library C:\Users\peyto\.jdks\openjdk-23.0.2\bin\jsound.dll

Deoptimization events (20 events):
Event: 0.206 Thread 0x000001dd11f06a10 Uncommon trap: trap_request=0xffffffc6 fr.pc=0x000001dd222092e0 relative=0x0000000000000be0
Event: 0.206 Thread 0x000001dd11f06a10 Uncommon trap: reason=bimorphic_or_optimized_type_check action=maybe_recompile pc=0x000001dd222092e0 method=java.util.HashMap.putVal(ILjava/lang/Object;Ljava/lang/Object;ZZ)Ljava/lang/Object; @ 56 c2
Event: 0.206 Thread 0x000001dd11f06a10 DEOPT PACKING pc=0x000001dd222092e0 sp=0x000000bdf33fef80
Event: 0.206 Thread 0x000001dd11f06a10 DEOPT UNPACKING pc=0x000001dd21ae7982 sp=0x000000bdf33feea0 mode 2
Event: 0.212 Thread 0x000001dd7c013620 DEOPT PACKING pc=0x000001dd1a73e341 sp=0x000000bdf3efd6f0
Event: 0.212 Thread 0x000001dd7c013620 DEOPT UNPACKING pc=0x000001dd21ae84c2 sp=0x000000bdf3efcb78 mode 0
Event: 0.218 Thread 0x000001dd11f06a10 Uncommon trap: trap_request=0xffffff45 fr.pc=0x000001dd22222890 relative=0x00000000000004b0
Event: 0.218 Thread 0x000001dd11f06a10 Uncommon trap: reason=unstable_if action=reinterpret pc=0x000001dd22222890 method=java.util.HashMap.hash(Ljava/lang/Object;)I @ 1 c2
Event: 0.218 Thread 0x000001dd11f06a10 DEOPT PACKING pc=0x000001dd22222890 sp=0x000000bdf33ff1b0
Event: 0.218 Thread 0x000001dd11f06a10 DEOPT UNPACKING pc=0x000001dd21ae7982 sp=0x000000bdf33ff0a8 mode 2
Event: 0.226 Thread 0x000001dd7c013620 Uncommon trap: trap_request=0xffffffde fr.pc=0x000001dd22229630 relative=0x00000000000009f0
Event: 0.226 Thread 0x000001dd7c013620 Uncommon trap: reason=class_check action=maybe_recompile pc=0x000001dd22229630 method=java.util.HashMap.putVal(ILjava/lang/Object;Ljava/lang/Object;ZZ)Ljava/lang/Object; @ 91 c2
Event: 0.226 Thread 0x000001dd7c013620 DEOPT PACKING pc=0x000001dd22229630 sp=0x000000bdf3efe180
Event: 0.226 Thread 0x000001dd7c013620 DEOPT UNPACKING pc=0x000001dd21ae7982 sp=0x000000bdf3efe0c8 mode 2
Event: 0.253 Thread 0x000001dd11f06a10 DEOPT PACKING pc=0x000001dd1a71b03f sp=0x000000bdf33fe750
Event: 0.253 Thread 0x000001dd11f06a10 DEOPT UNPACKING pc=0x000001dd21ae84c2 sp=0x000000bdf33fdbf0 mode 0
Event: 0.284 Thread 0x000001dd11f06a10 Uncommon trap: trap_request=0xffffff45 fr.pc=0x000001dd2223c138 relative=0x0000000000000d58
Event: 0.284 Thread 0x000001dd11f06a10 Uncommon trap: reason=unstable_if action=reinterpret pc=0x000001dd2223c138 method=java.io.BufferedInputStream.implRead([BII)I @ 103 c2
Event: 0.284 Thread 0x000001dd11f06a10 DEOPT PACKING pc=0x000001dd2223c138 sp=0x000000bdf33ff300
Event: 0.284 Thread 0x000001dd11f06a10 DEOPT UNPACKING pc=0x000001dd21ae7982 sp=0x000000bdf33ff238 mode 2

Classes loaded (20 events):
Event: 0.310 Loading class sun/awt/image/SunWritableRaster$DataStealer
Event: 0.310 Loading class sun/awt/image/SunWritableRaster$DataStealer done
Event: 0.310 Loading class java/awt/image/DataBuffer$1 done
Event: 0.310 Loading class sun/awt/image/SunWritableRaster
Event: 0.310 Loading class java/awt/image/WritableRaster
Event: 0.310 Loading class java/awt/image/Raster
Event: 0.310 Loading class java/awt/image/Raster done
Event: 0.310 Loading class java/awt/image/WritableRaster done
Event: 0.310 Loading class sun/awt/image/SunWritableRaster done
Event: 0.310 Loading class java/awt/image/ComponentColorModel
Event: 0.310 Loading class java/awt/image/ComponentColorModel done
Event: 0.310 Loading class java/awt/image/PixelInterleavedSampleModel
Event: 0.310 Loading class java/awt/image/ComponentSampleModel
Event: 0.310 Loading class java/awt/image/SampleModel
Event: 0.310 Loading class java/awt/image/SampleModel done
Event: 0.310 Loading class java/awt/image/ComponentSampleModel done
Event: 0.310 Loading class java/awt/image/PixelInterleavedSampleModel done
Event: 0.311 Loading class javax/imageio/ImageTypeSpecifier$Packed
Event: 0.311 Loading class javax/imageio/ImageTypeSpecifier$Packed done
Event: 0.311 Loading class java/awt/image/SinglePixelPackedSampleModel

Classes unloaded (0 events):
No events

Classes redefined (0 events):
No events

Internal exceptions (20 events):
Event: 0.180 Thread 0x000001dd11f06a10 Exception <a 'java/lang/NoSuchMethodError'{0x000000062c4fa050}: 'java.lang.Object java.lang.invoke.DirectMethodHandle$Holder.invokeStatic(java.lang.Object, int, java.lang.Object)'> (0x000000062c4fa050) 
thrown [s\open\src\hotspot\share\interpreter\linkResolver.cpp, line 796]
Event: 0.203 Thread 0x000001dd7c013620 Exception <a 'java/lang/NoSuchMethodError'{0x000000062c4e5d60}: 'java.lang.Object java.lang.invoke.DirectMethodHandle$Holder.invokeStaticInit(java.lang.Object, int, int, int, int)'> (0x000000062c4e5d60) 
thrown [s\open\src\hotspot\share\interpreter\linkResolver.cpp, line 796]
Event: 0.205 Thread 0x000001dd11f06a10 Exception <a 'java/lang/ClassNotFoundException'{0x000000062c59bff0}: com/sun/swing/internal/plaf/metal/resources/spi/metalProvider> (0x000000062c59bff0) 
thrown [s\open\src\hotspot\share\classfile\systemDictionary.cpp, line 313]
Event: 0.206 Thread 0x000001dd11f06a10 Exception <a 'java/lang/ClassNotFoundException'{0x000000062c59ffd0}: com/sun/swing/internal/plaf/basic/resources/spi/basicProvider> (0x000000062c59ffd0) 
thrown [s\open\src\hotspot\share\classfile\systemDictionary.cpp, line 313]
Event: 0.216 Thread 0x000001dd7c013620 Exception <a 'java/lang/NoSuchMethodError'{0x000000062c628ab8}: 'java.lang.Object java.lang.invoke.DirectMethodHandle$Holder.invokeStaticInit(java.lang.Object, java.lang.Object, int, int, int, int)'> (0x000000062c628ab8) 
thrown [s\open\src\hotspot\share\interpreter\linkResolver.cpp, line 796]
Event: 0.217 Thread 0x000001dd11f06a10 Exception <a 'java/lang/NoSuchMethodError'{0x000000062c5c00d0}: 'int java.lang.invoke.Invokers$Holder.invokeExact_MT(java.lang.Object, java.lang.Object)'> (0x000000062c5c00d0) 
thrown [s\open\src\hotspot\share\interpreter\linkResolver.cpp, line 796]
Event: 0.218 Thread 0x000001dd11f06a10 Implicit null exception at 0x000001dd22222432 to 0x000001dd22222874
Event: 0.224 Thread 0x000001dd7c013620 Exception <a 'java/lang/ClassNotFoundException'{0x000000062c644a50}: javax/management/remote/rmi/RMIServerImpl_Skel> (0x000000062c644a50) 
thrown [s\open\src\hotspot\share\classfile\systemDictionary.cpp, line 313]
Event: 0.229 Thread 0x000001dd7c013620 Exception <a 'java/lang/NoSuchMethodError'{0x000000062c660360}: 'long java.lang.invoke.DirectMethodHandle$Holder.invokeSpecial(java.lang.Object, java.lang.Object)'> (0x000000062c660360) 
thrown [s\open\src\hotspot\share\interpreter\linkResolver.cpp, line 796]
Event: 0.229 Thread 0x000001dd7c013620 Exception <a 'java/lang/NoSuchMethodError'{0x000000062c663a50}: 'long java.lang.invoke.Invokers$Holder.invokeExact_MT(java.lang.Object, java.lang.Object)'> (0x000000062c663a50) 
thrown [s\open\src\hotspot\share\interpreter\linkResolver.cpp, line 796]
Event: 0.241 Thread 0x000001dd0cf64140 Exception <a 'java/lang/NoSuchMethodError'{0x000000062c039848}: static [B.<clinit>()V> (0x000000062c039848) 
thrown [s\open\src\hotspot\share\prims\jni.cpp, line 1111]
Event: 0.242 Thread 0x000001dd0cf64140 Exception <a 'java/lang/NoSuchMethodError'{0x000000062c03d9f8}: 'java.lang.Object java.lang.invoke.DirectMethodHandle$Holder.invokeInterface(java.lang.Object, java.lang.Object, java.lang.Object)'> (0x000000062c03d9f8) 
thrown [s\open\src\hotspot\share\interpreter\linkResolver.cpp, line 796]
Event: 0.245 Thread 0x000001dd0cf64140 Exception <a 'java/lang/ClassNotFoundException'{0x000000062c0634b0}: javax/management/remote/rmi/RMIConnectionImpl_Skel> (0x000000062c0634b0) 
thrown [s\open\src\hotspot\share\classfile\systemDictionary.cpp, line 313]
Event: 0.246 Thread 0x000001dd0cca3750 Exception <a 'java/lang/NoSuchMethodError'{0x000000062c122670}: 'java.lang.Object java.lang.invoke.Invokers$Holder.linkToTargetMethod(java.lang.Object, long, java.lang.Object)'> (0x000000062c122670) 
thrown [s\open\src\hotspot\share\interpreter\linkResolver.cpp, line 796]
Event: 0.248 Thread 0x000001dd0cf64140 Exception <a 'java/lang/NoSuchMethodError'{0x000000062c178f98}: 'java.lang.Object java.lang.invoke.DirectMethodHandle$Holder.invokeInterface(java.lang.Object, java.lang.Object)'> (0x000000062c178f98) 
thrown [s\open\src\hotspot\share\interpreter\linkResolver.cpp, line 796]
Event: 0.250 Thread 0x000001dd0cf64140 Exception <a 'java/lang/NoSuchMethodError'{0x000000062c19e350}: 'int java.lang.invoke.DelegatingMethodHandle$Holder.reinvoke_L(java.lang.Object, java.lang.Object, java.lang.Object, java.lang.Object, java.lang.Object)'> (0x000000062c19e350) 
thrown [s\open\src\hotspot\share\interpreter\linkResolver.cpp, line 796]
Event: 0.252 Thread 0x000001dd0cf64140 Exception <a 'java/lang/NoSuchMethodError'{0x000000062c1b9fd8}: 'java.lang.Object java.lang.invoke.DirectMethodHandle$Holder.invokeInterface(java.lang.Object, java.lang.Object, java.lang.Object, java.lang.Object, java.lang.Object)'> (0x000000062c1b9fd8) 
thrown [s\open\src\hotspot\share\interpreter\linkResolver.cpp, line 796]
Event: 0.254 Thread 0x000001dd0cf64140 Exception <a 'java/lang/NoSuchMethodError'{0x000000062c1dd4f8}: 'double java.lang.invoke.DirectMethodHandle$Holder.invokeInterface(java.lang.Object, java.lang.Object)'> (0x000000062c1dd4f8) 
thrown [s\open\src\hotspot\share\interpreter\linkResolver.cpp, line 796]
Event: 0.254 Thread 0x000001dd0cf64140 Exception <a 'java/lang/NoSuchMethodError'{0x000000062c1e4ec8}: 'double java.lang.invoke.DelegatingMethodHandle$Holder.reinvoke_L(java.lang.Object, java.lang.Object)'> (0x000000062c1e4ec8) 
thrown [s\open\src\hotspot\share\interpreter\linkResolver.cpp, line 796]
Event: 0.290 Thread 0x000001dd11f06a10 Exception <a 'java/lang/NoSuchMethodError'{0x000000062c75cc70}: 'java.lang.Object java.lang.invoke.DirectMethodHandle$Holder.invokeSpecial(java.lang.Object, java.lang.Object, double, double)'> (0x000000062c75cc70) 
thrown [s\open\src\hotspot\share\interpreter\linkResolver.cpp, line 796]

VM Operations (14 events):
Event: 0.071 Executing VM operation: HandshakeAllThreads (Deoptimize)
Event: 0.071 Executing VM operation: HandshakeAllThreads (Deoptimize) done
Event: 0.075 Executing VM operation: HandshakeAllThreads (Deoptimize)
Event: 0.075 Executing VM operation: HandshakeAllThreads (Deoptimize) done
Event: 0.082 Executing VM operation: HandshakeAllThreads (Deoptimize)
Event: 0.082 Executing VM operation: HandshakeAllThreads (Deoptimize) done
Event: 0.082 Executing VM operation: HandshakeAllThreads (Deoptimize)
Event: 0.082 Executing VM operation: HandshakeAllThreads (Deoptimize) done
Event: 0.183 Executing VM operation: HandshakeAllThreads (Deoptimize)
Event: 0.183 Executing VM operation: HandshakeAllThreads (Deoptimize) done
Event: 0.219 Executing VM operation: HandshakeAllThreads (Deoptimize)
Event: 0.219 Executing VM operation: HandshakeAllThreads (Deoptimize) done
Event: 0.245 Executing VM operation: HandshakeAllThreads (Deoptimize)
Event: 0.245 Executing VM operation: HandshakeAllThreads (Deoptimize) done

Memory protections (0 events):
No events

Nmethod flushes (0 events):
No events

Events (20 events):
Event: 0.030 Thread 0x000001dd7c02f2f0 Thread added: 0x000001dd7c1c8e70
Event: 0.030 Thread 0x000001dd7c02f2f0 Thread added: 0x000001dd7c1cb710
Event: 0.033 Thread 0x000001dd7c02f2f0 Thread added: 0x000001dd7c1d55c0
Event: 0.046 Thread 0x000001dd11f06a10 Thread added: 0x000001dd7c22e570
Event: 0.046 Thread 0x000001dd11f06a10 Thread added: 0x000001dd7c27d600
Event: 0.061 Thread 0x000001dd7c1c8e70 Thread added: 0x000001dd7c36d760
Event: 0.092 Thread 0x000001dd11f06a10 Thread added: 0x000001dd7c4e14a0
Event: 0.093 Thread 0x000001dd11f06a10 Thread added: 0x000001dd7c4e7a20
Event: 0.093 Thread 0x000001dd11f06a10 Thread added: 0x000001dd7c501a70
Event: 0.148 Thread 0x000001dd7c36d760 Thread added: 0x000001dd0c543570
Event: 0.148 Thread 0x000001dd7c36d760 Thread added: 0x000001dd0c54dc70
Event: 0.150 Thread 0x000001dd0c543570 Thread added: 0x000001dd0c5346f0
Event: 0.227 Thread 0x000001dd7c013620 Thread added: 0x000001dd0c773140
Event: 0.234 Thread 0x000001dd0c773140 Thread added: 0x000001dd0cf64140
Event: 0.241 Thread 0x000001dd0cf64140 Thread added: 0x000001dd0c831e50
Event: 0.244 Thread 0x000001dd0cf64140 Thread added: 0x000001dd0cca3750
Event: 0.256 Thread 0x000001dd11f06a10 Thread added: 0x000001dd0cab1950
Event: 0.291 Thread 0x000001dd11f06a10 Thread added: 0x000001dd0cab2d00
Event: 0.292 Thread 0x000001dd11f06a10 Thread added: 0x000001dd0cab3390
Event: 0.292 Thread 0x000001dd0cab2d00 Thread added: 0x000001dd0cab3a20


Dynamic libraries:
0x00007ff6607c0000 - 0x00007ff6607ce000 	C:\Users\peyto\.jdks\openjdk-23.0.2\bin\java.exe
0x00007ffe1ffa0000 - 0x00007ffe20200000 	C:\WINDOWS\SYSTEM32\ntdll.dll
0x00007ffe1f270000 - 0x00007ffe1f337000 	C:\WINDOWS\System32\KERNEL32.DLL
0x00007ffe1d7c0000 - 0x00007ffe1db8a000 	C:\WINDOWS\System32\KERNELBASE.dll
0x00007ffe1d530000 - 0x00007ffe1d67b000 	C:\WINDOWS\System32\ucrtbase.dll
0x00007ffe01750000 - 0x00007ffe0176b000 	C:\Users\peyto\.jdks\openjdk-23.0.2\bin\VCRUNTIME140.dll
0x00007ffe05ac0000 - 0x00007ffe05ad7000 	C:\Users\peyto\.jdks\openjdk-23.0.2\bin\jli.dll
0x00007ffe1f9f0000 - 0x00007ffe1fbbc000 	C:\WINDOWS\System32\USER32.dll
0x00007ffe07790000 - 0x00007ffe07a27000 	C:\WINDOWS\WinSxS\amd64_microsoft.windows.common-controls_6595b64144ccf1df_6.0.26100.3624_none_3e086962e3345f24\COMCTL32.dll
0x00007ffe1db90000 - 0x00007ffe1dbb7000 	C:\WINDOWS\System32\win32u.dll
0x00007ffe1feb0000 - 0x00007ffe1ff59000 	C:\WINDOWS\System32\msvcrt.dll
0x00007ffe1f4a0000 - 0x00007ffe1f4ca000 	C:\WINDOWS\System32\GDI32.dll
0x00007ffe1dbc0000 - 0x00007ffe1dcf1000 	C:\WINDOWS\System32\gdi32full.dll
0x00007ffe1d710000 - 0x00007ffe1d7b3000 	C:\WINDOWS\System32\msvcp_win.dll
0x00007ffe1de20000 - 0x00007ffe1de4f000 	C:\WINDOWS\System32\IMM32.DLL
0x00007ffe0ee80000 - 0x00007ffe0ee8c000 	C:\Users\peyto\.jdks\openjdk-23.0.2\bin\vcruntime140_1.dll
0x00007ffde0eb0000 - 0x00007ffde0f3e000 	C:\Users\peyto\.jdks\openjdk-23.0.2\bin\msvcp140.dll
0x00007ffd4d840000 - 0x00007ffd4e590000 	C:\Users\peyto\.jdks\openjdk-23.0.2\bin\server\jvm.dll
0x00007ffe1e2e0000 - 0x00007ffe1e392000 	C:\WINDOWS\System32\ADVAPI32.dll
0x00007ffe1ec80000 - 0x00007ffe1ed26000 	C:\WINDOWS\System32\sechost.dll
0x00007ffe1f0c0000 - 0x00007ffe1f1d6000 	C:\WINDOWS\System32\RPCRT4.dll
0x00007ffe1e260000 - 0x00007ffe1e2d4000 	C:\WINDOWS\System32\WS2_32.dll
0x00007ffe10060000 - 0x00007ffe10096000 	C:\WINDOWS\SYSTEM32\WINMM.dll
0x00007ffe1ca40000 - 0x00007ffe1ca9e000 	C:\WINDOWS\SYSTEM32\POWRPROF.dll
0x00007ffe16650000 - 0x00007ffe1665b000 	C:\WINDOWS\SYSTEM32\VERSION.dll
0x00007ffe1ca20000 - 0x00007ffe1ca34000 	C:\WINDOWS\SYSTEM32\UMPDC.dll
0x00007ffe1bf60000 - 0x00007ffe1bf7a000 	C:\WINDOWS\SYSTEM32\kernel.appcore.dll
0x00007ffe01660000 - 0x00007ffe0166a000 	C:\Users\peyto\.jdks\openjdk-23.0.2\bin\jimage.dll
0x00007ffe14a60000 - 0x00007ffe14ca1000 	C:\WINDOWS\SYSTEM32\DBGHELP.DLL
0x00007ffe1ed30000 - 0x00007ffe1f0b2000 	C:\WINDOWS\System32\combase.dll
0x00007ffe1e3a0000 - 0x00007ffe1e476000 	C:\WINDOWS\System32\OLEAUT32.dll
0x00007ffe0ae50000 - 0x00007ffe0ae89000 	C:\WINDOWS\SYSTEM32\dbgcore.DLL
0x00007ffe1dd00000 - 0x00007ffe1dd99000 	C:\WINDOWS\System32\bcryptPrimitives.dll
0x00007ffe01650000 - 0x00007ffe0165f000 	C:\Users\peyto\.jdks\openjdk-23.0.2\bin\instrument.dll
0x00007ffdffb40000 - 0x00007ffdffb5e000 	C:\Users\peyto\.jdks\openjdk-23.0.2\bin\java.dll
0x00007ffe1e0c0000 - 0x00007ffe1e256000 	C:\WINDOWS\System32\ole32.dll
0x00007ffe1e530000 - 0x00007ffe1ec59000 	C:\WINDOWS\System32\SHELL32.dll
0x00007ffe1d240000 - 0x00007ffe1d3a8000 	C:\WINDOWS\System32\wintypes.dll
0x00007ffe1ae00000 - 0x00007ffe1b652000 	C:\WINDOWS\SYSTEM32\windows.storage.dll
0x00007ffe1de60000 - 0x00007ffe1df4d000 	C:\WINDOWS\System32\SHCORE.dll
0x00007ffe1dda0000 - 0x00007ffe1de04000 	C:\WINDOWS\System32\shlwapi.dll
0x00007ffe1d090000 - 0x00007ffe1d0bf000 	C:\WINDOWS\SYSTEM32\profapi.dll
0x00007ffddcb10000 - 0x00007ffddcbe7000 	C:\Users\peyto\.jdks\openjdk-23.0.2\bin\jsvml.dll
0x00007ffdfe240000 - 0x00007ffdfe257000 	C:\Users\peyto\.jdks\openjdk-23.0.2\bin\zip.dll
0x00007ffdffb70000 - 0x00007ffdffb80000 	C:\Users\peyto\.jdks\openjdk-23.0.2\bin\net.dll
0x00007ffe1c4b0000 - 0x00007ffe1c51a000 	C:\WINDOWS\system32\mswsock.dll
0x00007ffdfe220000 - 0x00007ffdfe236000 	C:\Users\peyto\.jdks\openjdk-23.0.2\bin\nio.dll
0x00007ffdfd2a0000 - 0x00007ffdfd2ba000 	D:\IntelliJ\IntelliJ IDEA 2024.3.3\bin\breakgen64.dll
0x00007ffdfcd20000 - 0x00007ffdfcd29000 	C:\Users\peyto\.jdks\openjdk-23.0.2\bin\extnet.dll
0x00007ffdda110000 - 0x00007ffdda29d000 	C:\Users\peyto\.jdks\openjdk-23.0.2\bin\awt.dll
0x00007ffe1a200000 - 0x00007ffe1a29c000 	C:\WINDOWS\SYSTEM32\apphelp.dll
0x00007ffe1b9a0000 - 0x00007ffe1bac5000 	C:\WINDOWS\SYSTEM32\DNSAPI.dll
0x00007ffe1b960000 - 0x00007ffe1b993000 	C:\WINDOWS\SYSTEM32\IPHLPAPI.DLL
0x00007ffe1fda0000 - 0x00007ffe1fdaa000 	C:\WINDOWS\System32\NSI.dll
0x00007ffe16e50000 - 0x00007ffe16e5b000 	C:\Windows\System32\rasadhlp.dll
0x00007ffe10240000 - 0x00007ffe102c5000 	C:\WINDOWS\System32\fwpuclnt.dll
0x00007ffdfcd10000 - 0x00007ffdfcd1a000 	C:\Users\peyto\.jdks\openjdk-23.0.2\bin\management.dll
0x00007ffdfcd00000 - 0x00007ffdfcd0b000 	C:\Users\peyto\.jdks\openjdk-23.0.2\bin\management_ext.dll
0x00007ffe1f1e0000 - 0x00007ffe1f1e8000 	C:\WINDOWS\System32\PSAPI.DLL
0x00007ffe1a770000 - 0x00007ffe1a7a6000 	C:\WINDOWS\system32\DWMAPI.DLL
0x00007ffe1a370000 - 0x00007ffe1a41e000 	C:\WINDOWS\system32\uxtheme.dll
0x00007ffdcd290000 - 0x00007ffdcd39c000 	C:\WINDOWS\system32\opengl32.dll
0x00007ffdccdf0000 - 0x00007ffdcce1d000 	C:\WINDOWS\SYSTEM32\GLU32.dll
0x00007ffe1a530000 - 0x00007ffe1a577000 	C:\WINDOWS\SYSTEM32\dxcore.dll
0x00007ffe1df50000 - 0x00007ffe1e0ad000 	C:\WINDOWS\System32\MSCTF.dll
0x00007ffde4f70000 - 0x00007ffde511c000 	C:\WINDOWS\system32\d3d9.dll
0x00007ffdf2cb0000 - 0x00007ffdf2cd0000 	C:\WINDOWS\System32\DriverStore\FileRepository\u0412061.inf_amd64_4ce7fc623a9bd594\B411279\atidx9loader64.dll
0x00007ffdd2630000 - 0x00007ffdd6424000 	C:\WINDOWS\System32\DriverStore\FileRepository\u0412061.inf_amd64_4ce7fc623a9bd594\B411279\AMDXN64.DLL
0x00007ffe1f4d0000 - 0x00007ffe1f956000 	C:\WINDOWS\System32\SETUPAPI.dll
0x00007ffe1a610000 - 0x00007ffe1a73e000 	C:\WINDOWS\SYSTEM32\dxgi.dll
0x00007ffe1a5a0000 - 0x00007ffe1a5fe000 	C:\WINDOWS\SYSTEM32\directxdatabasehelper.dll
0x00007ffe1cde0000 - 0x00007ffe1ce3f000 	C:\WINDOWS\SYSTEM32\cfgmgr32.dll
0x00007ffe1d060000 - 0x00007ffe1d086000 	C:\WINDOWS\SYSTEM32\BCrypt.dll
0x00007ffe0fed0000 - 0x00007ffe0ff0b000 	C:\WINDOWS\System32\DriverStore\FileRepository\u0412061.inf_amd64_4ce7fc623a9bd594\B411279\amdihk64.dll
0x00007ffe1c750000 - 0x00007ffe1c76c000 	C:\WINDOWS\SYSTEM32\CRYPTSP.dll
0x00007ffe1bec0000 - 0x00007ffe1befa000 	C:\WINDOWS\system32\rsaenh.dll
0x00007ffe1c550000 - 0x00007ffe1c57b000 	C:\WINDOWS\SYSTEM32\USERENV.dll
0x00007ffe1c770000 - 0x00007ffe1c77c000 	C:\WINDOWS\SYSTEM32\CRYPTBASE.dll
0x00007ffdd9ef0000 - 0x00007ffdd9f08000 	C:\WINDOWS\system32\napinsp.dll
0x00007ffdd9ed0000 - 0x00007ffdd9ee2000 	C:\WINDOWS\System32\winrnr.dll
0x00007ffdd9e90000 - 0x00007ffdd9ec0000 	C:\WINDOWS\system32\nlansp_c.dll
0x00007ffe15ba0000 - 0x00007ffe15bb6000 	C:\WINDOWS\system32\wshbth.dll
0x00007ffdfccd0000 - 0x00007ffdfcce2000 	C:\Users\peyto\.jdks\openjdk-23.0.2\bin\jsound.dll
0x00007ffdc7d90000 - 0x00007ffdc7e24000 	C:\WINDOWS\SYSTEM32\DSOUND.dll
0x00007ffdc9a50000 - 0x00007ffdc9a81000 	C:\WINDOWS\SYSTEM32\winmmbase.dll
0x00007ffdc7890000 - 0x00007ffdc7941000 	C:\WINDOWS\SYSTEM32\ResampleDmo.DLL
0x00007ffdfdf70000 - 0x00007ffdfdf7e000 	C:\WINDOWS\SYSTEM32\msdmo.dll
0x00007ffe1e480000 - 0x00007ffe1e528000 	C:\WINDOWS\System32\clbcatq.dll
0x00007ffe167e0000 - 0x00007ffe1687a000 	C:\WINDOWS\System32\MMDevApi.dll
0x00007ffe1cdb0000 - 0x00007ffe1cddd000 	C:\WINDOWS\System32\DEVOBJ.dll
0x00007ffddcac0000 - 0x00007ffddcb08000 	C:\WINDOWS\SYSTEM32\wdmaud.drv
0x00007ffe0dfe0000 - 0x00007ffe0e19d000 	C:\WINDOWS\SYSTEM32\AUDIOSES.DLL
0x00007ffdfccb0000 - 0x00007ffdfccbf000 	C:\WINDOWS\SYSTEM32\msacm32.drv
0x00007ffdfc3b0000 - 0x00007ffdfc3d1000 	C:\WINDOWS\SYSTEM32\MSACM32.dll
0x00007ffdfa7a0000 - 0x00007ffdfa7ac000 	C:\WINDOWS\SYSTEM32\midimap.dll
0x00007ffe1aa00000 - 0x00007ffe1aa14000 	C:\WINDOWS\SYSTEM32\resourcepolicyclient.dll

dbghelp: loaded successfully - version: 4.0.5 - missing functions: none
symbol engine: initialized successfully - sym options: 0x614 - pdb path: .;C:\Users\peyto\.jdks\openjdk-23.0.2\bin;C:\WINDOWS\SYSTEM32;C:\WINDOWS\WinSxS\amd64_microsoft.windows.common-controls_6595b64144ccf1df_6.0.26100.3624_none_3e086962e3345f24;C:\Users\peyto\.jdks\openjdk-23.0.2\bin\server;D:\IntelliJ\IntelliJ IDEA 2024.3.3\bin;C:\WINDOWS\System32\DriverStore\FileRepository\u0412061.inf_amd64_4ce7fc623a9bd594\B411279

VM Arguments:
jvm_args: -javaagent:D:\IntelliJ\IntelliJ IDEA 2024.3.3\lib\idea_rt.jar=52668:D:\IntelliJ\IntelliJ IDEA 2024.3.3\bin -Dfile.encoding=UTF-8 -Dsun.stdout.encoding=UTF-8 -Dsun.stderr.encoding=UTF-8 
java_command: generic.Main
java_class_path (initial): C:\Users\peyto\IdeaProjects\PokemonPurple\out\production\PokemonGame
Launcher Type: SUN_STANDARD

[Global flags]
     intx CICompilerCount                          = 12                                        {product} {ergonomic}
     uint ConcGCThreads                            = 3                                         {product} {ergonomic}
     uint G1ConcRefinementThreads                  = 13                                        {product} {ergonomic}
   size_t G1HeapRegionSize                         = 4194304                                   {product} {ergonomic}
   size_t InitialHeapSize                          = 524288000                                 {product} {ergonomic}
   size_t MarkStackSize                            = 4194304                                   {product} {ergonomic}
   size_t MarkStackSizeMax                         = 536870912                                 {product} {ergonomic}
   size_t MaxHeapSize                              = 8355053568                                {product} {ergonomic}
   size_t MaxNewSize                               = 5012193280                                {product} {ergonomic}
   size_t MinHeapDeltaBytes                        = 4194304                                   {product} {ergonomic}
   size_t MinHeapSize                              = 8388608                                   {product} {ergonomic}
    uintx NonNMethodCodeHeapSize                   = 7602176                                {pd product} {ergonomic}
    uintx NonProfiledCodeHeapSize                  = 122093568                              {pd product} {ergonomic}
    uintx ProfiledCodeHeapSize                     = 121962496                              {pd product} {ergonomic}
    uintx ReservedCodeCacheSize                    = 251658240                              {pd product} {ergonomic}
     bool SegmentedCodeCache                       = true                                      {product} {ergonomic}
   size_t SoftMaxHeapSize                          = 8355053568                             {manageable} {ergonomic}
     bool UseCompressedOops                        = true                           {product lp64_product} {ergonomic}
     bool UseG1GC                                  = true                                      {product} {ergonomic}
     bool UseLargePagesIndividualAllocation        = false                                  {pd product} {ergonomic}

Logging:
Log output configuration:
 #0: stdout all=warning uptime,level,tags foldmultilines=false
 #1: stderr all=off uptime,level,tags foldmultilines=false

Environment Variables:
PATH=D:\VMWare\bin\;C:\WINDOWS\system32;C:\WINDOWS;C:\WINDOWS\System32\Wbem;C:\WINDOWS\System32\WindowsPowerShell\v1.0\;C:\WINDOWS\System32\OpenSSH\;C:\Program Files\Git\cmd;C:\Program Files\dotnet\;C:\Android\platform-tools;C:\Users\peyto\AppData\Local\Microsoft\WindowsApps;C:\Users\peyto\AppData\Local\Muse Hub\lib;C:\Users\peyto\AppData\Local\Programs\Microsoft VS Code\bin;C:\Users\peyto\.dotnet\tools
USERNAME=peyto
OS=Windows_NT
PROCESSOR_IDENTIFIER=AMD64 Family 26 Model 68 Stepping 0, AuthenticAMD
TMP=C:\Users\peyto\AppData\Local\Temp
TEMP=C:\Users\peyto\AppData\Local\Temp




Periodic native trim disabled

---------------  S Y S T E M  ---------------

OS:
 Windows 11 , 64 bit Build 26100 (10.0.26100.3775)
OS uptime: 6 days 20:03 hours
Hyper-V role detected

CPU: total 16 (initial active 16) (16 cores per cpu, 2 threads per core) family 26 model 68 stepping 0 microcode 0xb404023, cx8, cmov, fxsr, ht, mmx, 3dnowpref, sse, sse2, sse3, ssse3, sse4a, sse4.1, sse4.2, popcnt, lzcnt, tsc, tscinvbit, avx, avx2, aes, erms, clmul, bmi1, bmi2, adx, avx512f, avx512dq, avx512cd, avx512bw, avx512vl, sha, fma, vzeroupper, avx512_vpopcntdq, avx512_vpclmulqdq, avx512_vaes, avx512_vnni, clflush, clflushopt, avx512_vbmi2, avx512_vbmi, hv, rdtscp, rdpid, fsrm, gfni, avx512_bitalg, f16c, cet_ss, avx512_ifma
Processor Information for the first 16 processors :
  Max Mhz: 3800, Current Mhz: 3800, Mhz Limit: 3800

Memory: 4k page, system-wide physical 31860M (8589M free)
TotalPageFile size 40804M (AvailPageFile size 0M)
current process WorkingSet (physical memory assigned to process): 214M, peak: 214M
current process commit charge ("private bytes"): 673M, peak: 693M

vm_info: OpenJDK 64-Bit Server VM (23.0.2+7-58) for windows-amd64 JRE (23.0.2+7-58), built on 2024-11-29T09:34:55Z with MS VC++ 17.6 (VS2022)

END.
